#
# There is insufficient memory for the Java Runtime Environment to continue.
# Native memory allocation (malloc) failed to allocate 32744 bytes for ChunkPool::allocate
# Possible reasons:
#   The system is out of physical RAM or swap space
#   In 32 bit mode, the process size limit was hit
# Possible solutions:
#   Reduce memory load on the system
#   Increase physical memory or swap space
#   Check if swap backing store is full
#   Use 64 bit Java on a 64 bit OS
#   Decrease Java heap size (-Xmx/-Xms)
#   Decrease number of Java threads
#   Decrease Java thread stack sizes (-Xss)
#   Set larger code cache with -XX:ReservedCodeCacheSize=
# This output file may be truncated or incomplete.
#
#  Out of Memory Error (allocation.cpp:273), pid=3872, tid=8588
#
# JRE version: Java(TM) SE Runtime Environment (8.0_25-b18) (build 1.8.0_25-b18)
# Java VM: Java HotSpot(TM) 64-Bit Server VM (25.25-b02 mixed mode windows-amd64 compressed oops)
# Failed to write core dump. Minidumps are not enabled by default on client versions of Windows
#

---------------  T H R E A D  ---------------

Current thread (0x000000005758e000):  JavaThread "C2 CompilerThread1" daemon [_thread_in_native, id=8588, stack(0x00000000594a0000,0x00000000595a0000)]

Stack: [0x00000000594a0000,0x00000000595a0000]
Native frames: (J=compiled Java code, j=interpreted, Vv=VM code, C=native code)
V  [jvm.dll+0x31667a]
V  [jvm.dll+0x267073]
V  [jvm.dll+0x267cb3]
V  [jvm.dll+0x25f5b5]
V  [jvm.dll+0xbeec1]
V  [jvm.dll+0xbf60c]
V  [jvm.dll+0x34fea]
V  [jvm.dll+0x351cd]
V  [jvm.dll+0x35879]
V  [jvm.dll+0x304ba]
V  [jvm.dll+0x40abc]
V  [jvm.dll+0x2f3cf]
V  [jvm.dll+0x43606e]
V  [jvm.dll+0x436ed2]
V  [jvm.dll+0x45aa4c]
V  [jvm.dll+0x45c43e]
V  [jvm.dll+0x4e21c8]
V  [jvm.dll+0x4dace7]
V  [jvm.dll+0x4db069]
V  [jvm.dll+0x4db5d6]
V  [jvm.dll+0x438271]
V  [jvm.dll+0x45366b]
V  [jvm.dll+0x437372]
V  [jvm.dll+0x98a02]
V  [jvm.dll+0x991f3]
V  [jvm.dll+0x22bde4]
V  [jvm.dll+0x2852fa]
C  [msvcr100.dll+0x21d9f]
C  [msvcr100.dll+0x21e3b]
C  [kernel32.dll+0x1652d]
C  [ntdll.dll+0x2c541]


Current CompileTask:
C2:   2782 1138       4       sun.font.TrueTypeFont::initNames (370 bytes)


---------------  P R O C E S S  ---------------

Java Threads: ( => current thread )
  0x0000000059bbb000 JavaThread "AWT-EventQueue-0" [_thread_blocked, id=7412, stack(0x000000005c040000,0x000000005c140000)]
  0x0000000059b8e800 JavaThread "Image Fetcher 0" daemon [_thread_blocked, id=7640, stack(0x000000005bd40000,0x000000005be40000)]
  0x0000000059161000 JavaThread "Swing-Shell" daemon [_thread_blocked, id=2584, stack(0x000000005b570000,0x000000005b670000)]
  0x0000000059ab5000 JavaThread "AWT-Windows" daemon [_thread_in_native, id=2836, stack(0x000000005a980000,0x000000005aa80000)]
  0x0000000059ad2800 JavaThread "AWT-Shutdown" [_thread_blocked, id=3064, stack(0x000000005a6d0000,0x000000005a7d0000)]
  0x0000000059ad1800 JavaThread "Java2D Disposer" daemon [_thread_blocked, id=3684, stack(0x000000005a4f0000,0x000000005a5f0000)]
  0x0000000059006000 JavaThread "Abandoned connection cleanup thread" daemon [_thread_blocked, id=8912, stack(0x0000000058a10000,0x0000000058b10000)]
  0x0000000058ee8800 JavaThread "Service Thread" daemon [_thread_blocked, id=7328, stack(0x0000000059840000,0x0000000059940000)]
  0x0000000058e78000 JavaThread "C1 CompilerThread2" daemon [_thread_blocked, id=8304, stack(0x0000000059640000,0x0000000059740000)]
=>0x000000005758e000 JavaThread "C2 CompilerThread1" daemon [_thread_in_native, id=8588, stack(0x00000000594a0000,0x00000000595a0000)]
  0x000000005758b800 JavaThread "C2 CompilerThread0" daemon [_thread_blocked, id=5012, stack(0x00000000592b0000,0x00000000593b0000)]
  0x0000000057586000 JavaThread "Attach Listener" daemon [_thread_blocked, id=3288, stack(0x0000000058d60000,0x0000000058e60000)]
  0x0000000057583000 JavaThread "Signal Dispatcher" daemon [_thread_blocked, id=9200, stack(0x0000000058b70000,0x0000000058c70000)]
  0x0000000057524800 JavaThread "Finalizer" daemon [_thread_blocked, id=7524, stack(0x0000000058910000,0x0000000058a10000)]
  0x000000005751b800 JavaThread "Reference Handler" daemon [_thread_blocked, id=8296, stack(0x0000000058760000,0x0000000058860000)]
  0x000000000228f800 JavaThread "main" [_thread_in_native, id=8324, stack(0x00000000022c0000,0x00000000023c0000)]

Other Threads:
  0x0000000057515800 VMThread [stack: 0x0000000058550000,0x0000000058650000] [id=3756]
  0x0000000058efb800 WatcherThread [stack: 0x0000000058660000,0x0000000058760000] [id=3976]

VM state:not at safepoint (normal execution)

VM Mutex/Monitor currently owned by a thread: None

Heap:
 PSYoungGen      total 38400K, used 26479K [0x00000000d5f80000, 0x00000000d8a00000, 0x0000000100000000)
  eden space 33280K, 79% used [0x00000000d5f80000,0x00000000d795bf80,0x00000000d8000000)
  from space 5120K, 0% used [0x00000000d8500000,0x00000000d8500000,0x00000000d8a00000)
  to   space 5120K, 0% used [0x00000000d8000000,0x00000000d8000000,0x00000000d8500000)
 ParOldGen       total 87552K, used 0K [0x0000000081e00000, 0x0000000087380000, 0x00000000d5f80000)
  object space 87552K, 0% used [0x0000000081e00000,0x0000000081e00000,0x0000000087380000)
 Metaspace       used 15900K, capacity 16106K, committed 16384K, reserved 1062912K
  class space    used 1890K, capacity 1942K, committed 2048K, reserved 1048576K

Card table byte_map: [0x0000000011b20000,0x0000000011f20000] byte_map_base: 0x0000000011711000

Marking Bits: (ParMarkBitMap*) 0x00000000708ad490
 Begin Bits: [0x0000000012880000, 0x0000000014808000)
 End Bits:   [0x0000000014808000, 0x0000000016790000)

Polling page: 0x0000000000120000

CodeCache: size=245760Kb used=3906Kb max_used=3917Kb free=241853Kb
 bounds [0x0000000002760000, 0x0000000002b40000, 0x0000000011760000]
 total_blobs=1698 nmethods=1136 adapters=476
 compilation: enabled

Compilation events (10 events):
Event: 2.243 Thread 0x0000000058e78000 nmethod 1133 0x0000000002b31890 code [0x0000000002b31aa0, 0x0000000002b324a8]
Event: 2.257 Thread 0x0000000058e78000 1134       1       sun.nio.cs.UnicodeDecoder::implReset (9 bytes)
Event: 2.257 Thread 0x0000000058e78000 nmethod 1134 0x0000000002b2d510 code [0x0000000002b2d660, 0x0000000002b2d770]
Event: 2.270 Thread 0x000000005758b800 1135       4       java.nio.ByteBuffer::<init> (45 bytes)
Event: 2.271 Thread 0x000000005758b800 nmethod 1135 0x0000000002b2ff90 code [0x0000000002b300e0, 0x0000000002b30218]
Event: 2.281 Thread 0x000000005758e000 1136   !   4       sun.nio.ch.NativeThreadSet::add (155 bytes)
Event: 2.284 Thread 0x000000005758e000 nmethod 1136 0x0000000002b2cc50 code [0x0000000002b2cda0, 0x0000000002b2d338]
Event: 2.293 Thread 0x000000005758b800 1137       4       java.nio.channels.spi.AbstractInterruptibleChannel::end (50 bytes)
Event: 2.294 Thread 0x000000005758b800 nmethod 1137 0x0000000002b357d0 code [0x0000000002b35920, 0x0000000002b35bf8]
Event: 2.680 Thread 0x000000005758e000 1138       4       sun.font.TrueTypeFont::initNames (370 bytes)

GC Heap History (0 events):
No events

Deoptimization events (5 events):
Event: 1.195 Thread 0x0000000059ab5000 Uncommon trap: reason=class_check action=maybe_recompile pc=0x0000000002a8281c method=java.util.HashMap.putVal(ILjava/lang/Object;Ljava/lang/Object;ZZ)Ljava/lang/Object; @ 203
Event: 1.195 Thread 0x0000000059ab5000 Uncommon trap: reason=class_check action=maybe_recompile pc=0x0000000002a827d4 method=java.util.HashMap.putVal(ILjava/lang/Object;Ljava/lang/Object;ZZ)Ljava/lang/Object; @ 91
Event: 1.195 Thread 0x0000000059ab5000 Uncommon trap: reason=class_check action=maybe_recompile pc=0x0000000002a8281c method=java.util.HashMap.putVal(ILjava/lang/Object;Ljava/lang/Object;ZZ)Ljava/lang/Object; @ 203
Event: 1.195 Thread 0x0000000059ab5000 Uncommon trap: reason=class_check action=maybe_recompile pc=0x0000000002a8281c method=java.util.HashMap.putVal(ILjava/lang/Object;Ljava/lang/Object;ZZ)Ljava/lang/Object; @ 203
Event: 1.235 Thread 0x000000000228f800 Uncommon trap: reason=unloaded action=reinterpret pc=0x00000000028d3450 method=java.lang.CharacterData.of(I)Ljava/lang/CharacterData; @ 96

Internal exceptions (10 events):
Event: 1.009 Thread 0x000000000228f800 Exception <a 'java/security/PrivilegedActionException'> (0x00000000d70776e0) thrown at [D:\re\workspace\8-2-build-windows-amd64-cygwin\jdk8u25\1677\hotspot\src\share\vm\prims\jvm.cpp, line 1312]
Event: 1.059 Thread 0x000000000228f800 Exception <a 'java/security/PrivilegedActionException'> (0x00000000d70fa8a8) thrown at [D:\re\workspace\8-2-build-windows-amd64-cygwin\jdk8u25\1677\hotspot\src\share\vm\prims\jvm.cpp, line 1312]
Event: 1.073 Thread 0x000000000228f800 Exception <a 'java/security/PrivilegedActionException'> (0x00000000d70fbff0) thrown at [D:\re\workspace\8-2-build-windows-amd64-cygwin\jdk8u25\1677\hotspot\src\share\vm\prims\jvm.cpp, line 1312]
Event: 1.093 Thread 0x000000000228f800 Exception <a 'java/security/PrivilegedActionException'> (0x00000000d7108350) thrown at [D:\re\workspace\8-2-build-windows-amd64-cygwin\jdk8u25\1677\hotspot\src\share\vm\prims\jvm.cpp, line 1312]
Event: 1.108 Thread 0x000000000228f800 Exception <a 'java/security/PrivilegedActionException'> (0x00000000d7109fa0) thrown at [D:\re\workspace\8-2-build-windows-amd64-cygwin\jdk8u25\1677\hotspot\src\share\vm\prims\jvm.cpp, line 1312]
Event: 1.117 Thread 0x000000000228f800 Exception <a 'java/security/PrivilegedActionException'> (0x00000000d710be08) thrown at [D:\re\workspace\8-2-build-windows-amd64-cygwin\jdk8u25\1677\hotspot\src\share\vm\prims\jvm.cpp, line 1312]
Event: 1.152 Thread 0x000000000228f800 Exception <a 'java/security/PrivilegedActionException'> (0x00000000d714c1b8) thrown at [D:\re\workspace\8-2-build-windows-amd64-cygwin\jdk8u25\1677\hotspot\src\share\vm\prims\jvm.cpp, line 1312]
Event: 1.162 Thread 0x000000000228f800 Exception <a 'java/security/PrivilegedActionException'> (0x00000000d714dd30) thrown at [D:\re\workspace\8-2-build-windows-amd64-cygwin\jdk8u25\1677\hotspot\src\share\vm\prims\jvm.cpp, line 1312]
Event: 1.172 Thread 0x000000000228f800 Exception <a 'java/security/PrivilegedActionException'> (0x00000000d714fcf0) thrown at [D:\re\workspace\8-2-build-windows-amd64-cygwin\jdk8u25\1677\hotspot\src\share\vm\prims\jvm.cpp, line 1312]
Event: 1.185 Thread 0x000000000228f800 Exception <a 'java/security/PrivilegedActionException'> (0x00000000d715d828) thrown at [D:\re\workspace\8-2-build-windows-amd64-cygwin\jdk8u25\1677\hotspot\src\share\vm\prims\jvm.cpp, line 1312]

Events (10 events):
Event: 1.991 Thread 0x000000000228f800 DEOPT PACKING pc=0x0000000002886a48 sp=0x00000000023be210
Event: 1.991 Thread 0x000000000228f800 DEOPT UNPACKING pc=0x00000000027a75bf sp=0x00000000023bdf68 mode 0
Event: 1.991 Thread 0x000000000228f800 DEOPT PACKING pc=0x0000000002886a48 sp=0x00000000023be210
Event: 1.991 Thread 0x000000000228f800 DEOPT UNPACKING pc=0x00000000027a75bf sp=0x00000000023bdf68 mode 0
Event: 1.991 Thread 0x000000000228f800 DEOPT PACKING pc=0x0000000002886a48 sp=0x00000000023be210
Event: 1.991 Thread 0x000000000228f800 DEOPT UNPACKING pc=0x00000000027a75bf sp=0x00000000023bdf68 mode 0
Event: 1.991 loading class sun/font/SunFontManager$4
Event: 1.991 loading class sun/font/SunFontManager$4 done
Event: 1.992 Thread 0x000000000228f800 DEOPT PACKING pc=0x0000000002886a48 sp=0x00000000023bd580
Event: 1.992 Thread 0x000000000228f800 DEOPT UNPACKING pc=0x00000000027a75bf sp=0x00000000023bd2d8 mode 0


Dynamic libraries:
0x000000013f7b0000 - 0x000000013f7e4000 	C:\Program Files\Java\jdk1.8.0_25\bin\javaw.exe
0x0000000077470000 - 0x0000000077619000 	C:\Windows\SYSTEM32\ntdll.dll
0x0000000077350000 - 0x000000007746f000 	C:\Windows\system32\kernel32.dll
0x000007fefd530000 - 0x000007fefd59b000 	C:\Windows\system32\KERNELBASE.dll
0x000007feff6a0000 - 0x000007feff77b000 	C:\Windows\system32\ADVAPI32.dll
0x000007fefe0d0000 - 0x000007fefe16f000 	C:\Windows\system32\msvcrt.dll
0x000007feff550000 - 0x000007feff56f000 	C:\Windows\SYSTEM32\sechost.dll
0x000007feff570000 - 0x000007feff69d000 	C:\Windows\system32\RPCRT4.dll
0x0000000077250000 - 0x000000007734a000 	C:\Windows\system32\USER32.dll
0x000007fefdb10000 - 0x000007fefdb77000 	C:\Windows\system32\GDI32.dll
0x000007fefe170000 - 0x000007fefe17e000 	C:\Windows\system32\LPK.dll
0x000007fefe200000 - 0x000007fefe2c9000 	C:\Windows\system32\USP10.dll
0x000007fefb840000 - 0x000007fefba34000 	C:\Windows\WinSxS\amd64_microsoft.windows.common-controls_6595b64144ccf1df_6.0.7601.17514_none_fa396087175ac9ac\COMCTL32.dll
0x000007fefe180000 - 0x000007fefe1f1000 	C:\Windows\system32\SHLWAPI.dll
0x000007fefe790000 - 0x000007fefe7be000 	C:\Windows\system32\IMM32.DLL
0x000007fefe3f0000 - 0x000007fefe4f9000 	C:\Windows\system32\MSCTF.dll
0x0000000077d80000 - 0x0000000077e52000 	C:\Program Files\Java\jdk1.8.0_25\jre\bin\msvcr100.dll
0x00000000700d0000 - 0x000000007092a000 	C:\Program Files\Java\jdk1.8.0_25\jre\bin\server\jvm.dll
0x000007feef430000 - 0x000007feef439000 	C:\Windows\system32\WSOCK32.dll
0x000007fefe740000 - 0x000007fefe78d000 	C:\Windows\system32\WS2_32.dll
0x000007fefdd80000 - 0x000007fefdd88000 	C:\Windows\system32\NSI.dll
0x000007fefac70000 - 0x000007fefacab000 	C:\Windows\system32\WINMM.dll
0x0000000077630000 - 0x0000000077637000 	C:\Windows\system32\PSAPI.DLL
0x00000000687a0000 - 0x00000000687af000 	C:\Program Files\Java\jdk1.8.0_25\jre\bin\verify.dll
0x0000000068770000 - 0x0000000068798000 	C:\Program Files\Java\jdk1.8.0_25\jre\bin\java.dll
0x0000000068360000 - 0x0000000068376000 	C:\Program Files\Java\jdk1.8.0_25\jre\bin\zip.dll
0x000007fefe7c0000 - 0x000007feff548000 	C:\Windows\system32\SHELL32.dll
0x000007fefd900000 - 0x000007fefdb03000 	C:\Windows\system32\ole32.dll
0x000007fefd220000 - 0x000007fefd22f000 	C:\Windows\system32\profapi.dll
0x0000000068340000 - 0x000000006835a000 	C:\Program Files\Java\jdk1.8.0_25\jre\bin\net.dll
0x000007fefca50000 - 0x000007fefcaa5000 	C:\Windows\system32\mswsock.dll
0x000007fefca40000 - 0x000007fefca47000 	C:\Windows\System32\wship6.dll
0x000007fefc450000 - 0x000007fefc457000 	C:\Windows\System32\wshtcpip.dll
0x000007fefc8d0000 - 0x000007fefc92b000 	C:\Windows\system32\DNSAPI.dll
0x000000006b610000 - 0x000000006b636000 	C:\Program Files\Bonjour\mdnsNSP.dll
0x000007fefaa80000 - 0x000007fefaaa7000 	C:\Windows\system32\Iphlpapi.DLL
0x000007fefaa70000 - 0x000007fefaa7b000 	C:\Windows\system32\WINNSI.DLL
0x000007fef9c40000 - 0x000007fef9c48000 	C:\Windows\system32\rasadhlp.dll
0x000007fefa920000 - 0x000007fefa973000 	C:\Windows\System32\fwpuclnt.dll
0x0000000066ea0000 - 0x0000000067038000 	C:\Program Files\Java\jdk1.8.0_25\jre\bin\awt.dll
0x000007fefe500000 - 0x000007fefe5d7000 	C:\Windows\system32\OLEAUT32.dll
0x000007fefba40000 - 0x000007fefba96000 	C:\Windows\system32\uxtheme.dll
0x000007fefab90000 - 0x000007fefabd8000 	C:\Program Files (x86)\TeamViewer\tv_x64.dll
0x000007fefc380000 - 0x000007fefc38c000 	C:\Windows\system32\VERSION.dll
0x000007fefb470000 - 0x000007fefb488000 	C:\Windows\system32\dwmapi.dll
0x000007fefd110000 - 0x000007fefd11f000 	C:\Windows\system32\CRYPTBASE.dll
0x000007fef37b0000 - 0x000007fef3850000 	C:\Windows\WinSxS\amd64_microsoft.windows.common-controls_6595b64144ccf1df_5.82.7601.18201_none_a4d3b9377117c3df\comctl32.dll
0x000007fefdb80000 - 0x000007fefdd57000 	C:\Windows\system32\SETUPAPI.dll
0x000007fefd2f0000 - 0x000007fefd326000 	C:\Windows\system32\CFGMGR32.dll
0x000007fefd340000 - 0x000007fefd35a000 	C:\Windows\system32\DEVOBJ.dll
0x000007fefd0b0000 - 0x000007fefd107000 	C:\Windows\system32\apphelp.dll
0x000007fefe2d0000 - 0x000007fefe369000 	C:\Windows\system32\CLBCatQ.DLL
0x000007fef3b80000 - 0x000007fef3d1c000 	C:\Windows\system32\NetworkExplorer.dll
0x000007fefbf80000 - 0x000007fefc0ac000 	C:\Windows\system32\PROPSYS.dll
0x000007fefb2c0000 - 0x000007fefb421000 	C:\Windows\system32\WindowsCodecs.dll
0x000007fef8d20000 - 0x000007fef8d4b000 	C:\Users\Vladislav\AppData\Roaming\Dropbox\bin\DropboxExt64.24.dll
0x000007fef87b0000 - 0x000007fef88d5000 	C:\Windows\system32\dbghelp.dll
0x000000006af50000 - 0x000000006b023000 	C:\Windows\WinSxS\amd64_microsoft.vc90.crt_1fc8b3b9a1e18e3b_9.0.30729.6161_none_08e61857a83bc251\MSVCP90.dll
0x000000006ae10000 - 0x000000006aeb3000 	C:\Windows\WinSxS\amd64_microsoft.vc90.crt_1fc8b3b9a1e18e3b_9.0.30729.6161_none_08e61857a83bc251\MSVCR90.dll
0x000007fef8610000 - 0x000007fef8645000 	C:\Windows\system32\EhStorShell.dll
0x000007fef72a0000 - 0x000007fef7910000 	C:\PROGRA~1\MICROS~2\Office14\GROOVEEX.DLL
0x000000006add0000 - 0x000000006adff000 	C:\Windows\WinSxS\amd64_microsoft.vc90.atl_1fc8b3b9a1e18e3b_9.0.30729.6161_none_0a1fd3a3a768b895\ATL90.DLL
0x000007fef6e80000 - 0x000007fef729a000 	C:\PROGRA~1\COMMON~1\MICROS~1\OFFICE14\Cultures\office.odf
0x000007fef6600000 - 0x000007fef6e78000 	C:\PROGRA~1\MICROS~2\Office14\1049\GrooveIntlResource.dll
0x000007fefbf50000 - 0x000007fefbf7d000 	C:\Windows\system32\ntmarta.dll
0x000007fefdfd0000 - 0x000007fefe022000 	C:\Windows\system32\WLDAP32.dll
0x000007fefcab0000 - 0x000007fefcac7000 	C:\Windows\system32\CRYPTSP.dll
0x000007fefc7b0000 - 0x000007fefc7f7000 	C:\Windows\system32\rsaenh.dll
0x000007fefc560000 - 0x000007fefc57e000 	C:\Windows\system32\USERENV.dll
0x000007fefa820000 - 0x000007fefa831000 	C:\Windows\system32\dhcpcsvc6.DLL
0x000007fefa8a0000 - 0x000007fefa8b8000 	C:\Windows\system32\dhcpcsvc.DLL
0x0000000068320000 - 0x0000000068331000 	C:\Program Files\Java\jdk1.8.0_25\jre\bin\nio.dll
0x0000000066d70000 - 0x0000000066da1000 	C:\Program Files\Java\jdk1.8.0_25\jre\bin\jpeg.dll
0x0000000066bc0000 - 0x0000000066bfc000 	C:\Program Files\Java\jdk1.8.0_25\jre\bin\lcms.dll
0x0000000066db0000 - 0x0000000066df7000 	C:\Program Files\Java\jdk1.8.0_25\jre\bin\fontmanager.dll
0x0000000066c40000 - 0x0000000066c81000 	C:\Program Files\Java\jdk1.8.0_25\jre\bin\t2k.dll

VM Arguments:
jvm_args: -Dfile.encoding=Cp1251 
java_command: com.builder.form.MainForm
java_class_path (initial): D:\Vladislav\ECLIPSE\Workspace\AutoRun\bin;D:\Vladislav\ECLIPSE\Workspace\AutoRun\src\resource\rs2xml.jar;D:\Vladislav\ECLIPSE\Workspace\AutoRun\src\resource\mysql-connector-java-commercial-5.1.31-bin.jar
Launcher Type: SUN_STANDARD

Environment Variables:
JAVA_HOME=C:\Program Files\Java\jdk1.8.0_25
PATH=C:/Program Files/Java/jdk1.8.0_25/bin/../jre/bin/server;C:/Program Files/Java/jdk1.8.0_25/bin/../jre/bin;C:/Program Files/Java/jdk1.8.0_25/bin/../jre/lib/amd64;%MONGO_HOME%\bin;C:\Program Files\Java\jdk1.8.0_25\bin;C:\ProgramData\Oracle\Java\javapath;C:\Program Files (x86)\Intel\iCLS Client\;C:\Program Files\Intel\iCLS Client\;C:\Windows\system32;C:\Windows;C:\Windows\System32\Wbem;C:\Windows\System32\WindowsPowerShell\v1.0\;C:\Program Files (x86)\Intel\OpenCL SDK\2.0\bin\x86;C:\Program Files (x86)\Intel\OpenCL SDK\2.0\bin\x64;C:\Program Files\Intel\Intel(R) Management Engine Components\DAL;C:\Program Files (x86)\Intel\OpenCL SDK\3.0\bin\x86;C:\Program Files\Intel\Intel(R) Management Engine Components\IPT;C:\Program Files (x86)\Intel\OpenCL SDK\3.0\bin\x64;C:\Program Files (x86)\Intel\Intel(R) Management Engine Components\DAL;C:\Program Files (x86)\Intel\Intel(R) Management Engine Components\IPT;D:\Games\Rational Rose\common;C:\Program Files\MySQL\MySQL Enterprise Backup 3.10.2\;C:\Program Files (x86)\MySQL\MySQL Utilities 1.4.3\;C:\Program Files (x86)\MySQL\MySQL Utilities 1.4.3\Doctrine extensions for PHP\;D:\Vladislav\ECLIPSE\eclipse;
USERNAME=Vladislav
OS=Windows_NT
PROCESSOR_IDENTIFIER=Intel64 Family 6 Model 60 Stepping 3, GenuineIntel



---------------  S Y S T E M  ---------------

OS: Windows 7 , 64 bit Build 7601 Service Pack 1

CPU:total 4 (4 cores per cpu, 1 threads per core) family 6 model 60 stepping 3, cmov, cx8, fxsr, mmx, sse, sse2, sse3, ssse3, sse4.1, sse4.2, popcnt, avx, avx2, aes, clmul, erms, rtm, lzcnt, tsc, tscinvbit, bmi1, bmi2

Memory: 4k page, physical 8264696k(2469932k free), swap 8262832k(23304k free)

vm_info: Java HotSpot(TM) 64-Bit Server VM (25.25-b02) for windows-amd64 JRE (1.8.0_25-b18), built on Oct  7 2014 14:25:37 by "java_re" with MS VC++ 10.0 (VS2010)

time: Wed Dec 10 18:18:32 2014
elapsed time: 2 seconds (0d 0h 0m 2s)

